\BOOKMARK [0][-]{chapter.1}{Introduction}{}% 1
\BOOKMARK [0][-]{chapter.2}{Background}{}% 2
\BOOKMARK [1][-]{section.2.1}{Environment}{chapter.2}% 3
\BOOKMARK [1][-]{section.2.2}{Methods}{chapter.2}% 4
\BOOKMARK [1][-]{section.2.3}{Concept}{chapter.2}% 5
\BOOKMARK [0][-]{chapter.3}{Concept}{}% 6
\BOOKMARK [1][-]{section.3.1}{Background}{chapter.3}% 7
\BOOKMARK [1][-]{section.3.2}{Graph Theory Fundamentals}{chapter.3}% 8
\BOOKMARK [1][-]{section.3.3}{Similarity}{chapter.3}% 9
\BOOKMARK [1][-]{section.3.4}{Association Rule Mining}{chapter.3}% 10
\BOOKMARK [0][-]{chapter.4}{Realization}{}% 11
\BOOKMARK [1][-]{section.4.1}{Background}{chapter.4}% 12
\BOOKMARK [1][-]{section.4.2}{Data Analysis Stages}{chapter.4}% 13
\BOOKMARK [1][-]{section.4.3}{Server Side}{chapter.4}% 14
\BOOKMARK [1][-]{section.4.4}{Client Side}{chapter.4}% 15
\BOOKMARK [0][-]{chapter.5}{Evaluation}{}% 16
\BOOKMARK [0][-]{chapter.6}{Conclusion}{}% 17
\BOOKMARK [1][-]{section.6.1}{Future Work}{chapter.6}% 18
\BOOKMARK [0][-]{appendix.A}{Appendix}{}% 19
\BOOKMARK [0][-]{chapter*.30}{Bibliography}{}% 20
